<?xml version="1.0" encoding="UTF-8"?>
<testng-results ignored="0" total="5" passed="5" failed="0" skipped="0">
  <reporter-output>
  </reporter-output>
  <suite started-at="2021-11-26T16:23:40 IST" name="Default suite" finished-at="2021-11-26T16:23:57 IST" duration-ms="16490">
    <groups>
    </groups>
    <test started-at="2021-11-26T16:23:40 IST" name="Default test" finished-at="2021-11-26T16:23:57 IST" duration-ms="16490">
      <class name="wait_package.Explicit_Wait">
        <test-method is-config="true" signature="setup()[pri:0, instance:wait_package.Explicit_Wait@31fa1761]" started-at="2021-11-26T16:23:40 IST" name="setup" finished-at="2021-11-26T16:23:43 IST" duration-ms="2354" status="PASS">
          <reporter-output>
          </reporter-output>
        </test-method> <!-- setup -->
        <test-method signature="launch_app()[pri:0, instance:wait_package.Explicit_Wait@31fa1761]" started-at="2021-11-26T16:23:43 IST" name="launch_app" finished-at="2021-11-26T16:23:45 IST" duration-ms="1752" status="PASS">
          <reporter-output>
          </reporter-output>
        </test-method> <!-- launch_app -->
        <test-method signature="enter_username()[pri:0, instance:wait_package.Explicit_Wait@31fa1761]" started-at="2021-11-26T16:23:45 IST" name="enter_username" finished-at="2021-11-26T16:23:45 IST" depends-on-methods="wait_package.Explicit_Wait.launch_app" duration-ms="135" status="PASS">
          <reporter-output>
          </reporter-output>
        </test-method> <!-- enter_username -->
        <test-method signature="enter_password()[pri:0, instance:wait_package.Explicit_Wait@31fa1761]" started-at="2021-11-26T16:23:45 IST" name="enter_password" finished-at="2021-11-26T16:23:45 IST" depends-on-methods="wait_package.Explicit_Wait.enter_username" duration-ms="128" status="PASS">
          <reporter-output>
          </reporter-output>
        </test-method> <!-- enter_password -->
        <test-method signature="click_login()[pri:0, instance:wait_package.Explicit_Wait@31fa1761]" started-at="2021-11-26T16:23:45 IST" name="click_login" finished-at="2021-11-26T16:23:57 IST" depends-on-methods="wait_package.Explicit_Wait.enter_password" duration-ms="11890" status="PASS">
          <reporter-output>
          </reporter-output>
        </test-method> <!-- click_login -->
        <test-method signature="get_title()[pri:0, instance:wait_package.Explicit_Wait@31fa1761]" started-at="2021-11-26T16:23:57 IST" name="get_title" finished-at="2021-11-26T16:23:57 IST" depends-on-methods="wait_package.Explicit_Wait.enter_password" duration-ms="18" status="PASS">
          <reporter-output>
          </reporter-output>
        </test-method> <!-- get_title -->
        <test-method is-config="true" signature="finish()[pri:0, instance:wait_package.Explicit_Wait@31fa1761]" started-at="2021-11-26T16:23:57 IST" name="finish" finished-at="2021-11-26T16:23:57 IST" duration-ms="175" status="PASS">
          <reporter-output>
          </reporter-output>
        </test-method> <!-- finish -->
      </class> <!-- wait_package.Explicit_Wait -->
    </test> <!-- Default test -->
  </suite> <!-- Default suite -->
</testng-results>
