<?xml version="1.0" encoding="UTF-8"?>
<testng-results ignored="0" total="5" passed="5" failed="0" skipped="0">
  <reporter-output>
  </reporter-output>
  <suite started-at="2021-11-26T14:14:12 IST" name="Suite1" finished-at="2021-11-26T14:14:34 IST" duration-ms="22591">
    <groups>
    </groups>
    <test started-at="2021-11-26T14:14:12 IST" name="TestingOnChrome" finished-at="2021-11-26T14:14:34 IST" duration-ms="22591">
      <class name="wait_package.Explicit_Wait">
        <test-method is-config="true" signature="setup()[pri:0, instance:wait_package.Explicit_Wait@729d991e]" started-at="2021-11-26T14:14:12 IST" name="setup" finished-at="2021-11-26T14:14:14 IST" duration-ms="2224" status="PASS">
          <reporter-output>
          </reporter-output>
        </test-method> <!-- setup -->
        <test-method signature="launch_app()[pri:0, instance:wait_package.Explicit_Wait@729d991e]" started-at="2021-11-26T14:14:14 IST" name="launch_app" finished-at="2021-11-26T14:14:16 IST" duration-ms="1744" status="PASS">
          <reporter-output>
          </reporter-output>
        </test-method> <!-- launch_app -->
        <test-method signature="enter_username()[pri:0, instance:wait_package.Explicit_Wait@729d991e]" started-at="2021-11-26T14:14:16 IST" name="enter_username" finished-at="2021-11-26T14:14:16 IST" depends-on-methods="wait_package.Explicit_Wait.launch_app" duration-ms="146" status="PASS">
          <reporter-output>
          </reporter-output>
        </test-method> <!-- enter_username -->
        <test-method signature="enter_password()[pri:0, instance:wait_package.Explicit_Wait@729d991e]" started-at="2021-11-26T14:14:16 IST" name="enter_password" finished-at="2021-11-26T14:14:16 IST" depends-on-methods="wait_package.Explicit_Wait.enter_username" duration-ms="131" status="PASS">
          <reporter-output>
          </reporter-output>
        </test-method> <!-- enter_password -->
        <test-method signature="click_login()[pri:0, instance:wait_package.Explicit_Wait@729d991e]" started-at="2021-11-26T14:14:16 IST" name="click_login" finished-at="2021-11-26T14:14:30 IST" depends-on-methods="wait_package.Explicit_Wait.enter_password" duration-ms="13679" status="PASS">
          <reporter-output>
          </reporter-output>
        </test-method> <!-- click_login -->
        <test-method signature="get_title()[pri:0, instance:wait_package.Explicit_Wait@729d991e]" started-at="2021-11-26T14:14:30 IST" name="get_title" finished-at="2021-11-26T14:14:30 IST" depends-on-methods="wait_package.Explicit_Wait.enter_password" duration-ms="274" status="PASS">
          <reporter-output>
          </reporter-output>
        </test-method> <!-- get_title -->
        <test-method is-config="true" signature="finish()[pri:0, instance:wait_package.Explicit_Wait@729d991e]" started-at="2021-11-26T14:14:30 IST" name="finish" finished-at="2021-11-26T14:14:34 IST" duration-ms="4360" status="PASS">
          <reporter-output>
          </reporter-output>
        </test-method> <!-- finish -->
      </class> <!-- wait_package.Explicit_Wait -->
    </test> <!-- TestingOnChrome -->
  </suite> <!-- Suite1 -->
</testng-results>
