<?xml version="1.0" encoding="UTF-8"?>
<testng-results ignored="0" total="5" passed="5" failed="0" skipped="0">
  <reporter-output>
  </reporter-output>
  <suite started-at="2021-11-23T16:19:07 IST" name="Default suite" finished-at="2021-11-23T16:19:37 IST" duration-ms="29641">
    <groups>
    </groups>
    <test started-at="2021-11-23T16:19:07 IST" name="Default test" finished-at="2021-11-23T16:19:37 IST" duration-ms="29641">
      <class name="test_package.Loginpage">
        <test-method is-config="true" signature="setup()[pri:0, instance:test_package.Loginpage@31fa1761]" started-at="2021-11-23T16:19:07 IST" name="setup" finished-at="2021-11-23T16:19:09 IST" duration-ms="2228" status="PASS">
          <reporter-output>
          </reporter-output>
        </test-method> <!-- setup -->
        <test-method signature="launch_app()[pri:0, instance:test_package.Loginpage@31fa1761]" started-at="2021-11-23T16:19:09 IST" name="launch_app" finished-at="2021-11-23T16:19:13 IST" duration-ms="3411" status="PASS">
          <reporter-output>
          </reporter-output>
        </test-method> <!-- launch_app -->
        <test-method signature="enter_username()[pri:0, instance:test_package.Loginpage@31fa1761]" started-at="2021-11-23T16:19:13 IST" name="enter_username" finished-at="2021-11-23T16:19:18 IST" depends-on-methods="test_package.Loginpage.launch_app" duration-ms="5087" status="PASS">
          <reporter-output>
          </reporter-output>
        </test-method> <!-- enter_username -->
        <test-method signature="enter_password()[pri:0, instance:test_package.Loginpage@31fa1761]" started-at="2021-11-23T16:19:18 IST" name="enter_password" finished-at="2021-11-23T16:19:21 IST" depends-on-methods="test_package.Loginpage.enter_username" duration-ms="3091" status="PASS">
          <reporter-output>
          </reporter-output>
        </test-method> <!-- enter_password -->
        <test-method signature="click_login()[pri:0, instance:test_package.Loginpage@31fa1761]" started-at="2021-11-23T16:19:21 IST" name="click_login" finished-at="2021-11-23T16:19:37 IST" depends-on-methods="test_package.Loginpage.enter_password" duration-ms="15601" status="PASS">
          <reporter-output>
          </reporter-output>
        </test-method> <!-- click_login -->
        <test-method signature="get_title()[pri:0, instance:test_package.Loginpage@31fa1761]" started-at="2021-11-23T16:19:37 IST" name="get_title" finished-at="2021-11-23T16:19:37 IST" depends-on-methods="test_package.Loginpage.enter_password" duration-ms="12" status="PASS">
          <reporter-output>
          </reporter-output>
        </test-method> <!-- get_title -->
        <test-method is-config="true" signature="finish()[pri:0, instance:test_package.Loginpage@31fa1761]" started-at="2021-11-23T16:19:37 IST" name="finish" finished-at="2021-11-23T16:19:37 IST" duration-ms="179" status="PASS">
          <reporter-output>
          </reporter-output>
        </test-method> <!-- finish -->
      </class> <!-- test_package.Loginpage -->
    </test> <!-- Default test -->
  </suite> <!-- Default suite -->
</testng-results>
