<?xml version="1.0" encoding="UTF-8"?>
<!-- Generated by org.testng.reporters.JUnitXMLReporter -->
<testsuite ignored="0" hostname="IQZNGLLT012" failures="0" tests="4" name="TestingOnChrome" time="13.954" errors="0" timestamp="2021-11-26T14:15:04 IST">
  <testcase classname="impliwait_package.Implicit_Wait" name="launch_app" time="3.58"/>
  <testcase classname="impliwait_package.Implicit_Wait" name="enter_username" time="0.062"/>
  <testcase classname="impliwait_package.Implicit_Wait" name="enter_password" time="0.044"/>
  <testcase classname="impliwait_package.Implicit_Wait" name="click_login" time="5.258"/>
</testsuite> <!-- TestingOnChrome -->
