<?xml version="1.0" encoding="UTF-8"?>
<!-- Generated by org.testng.reporters.JUnitXMLReporter -->
<testsuite ignored="0" hostname="IQZNGLLT012" failures="0" tests="4" name="TestingOnChrome" time="18.486" errors="0" timestamp="2021-11-26T16:32:56 IST">
  <testcase classname="impliwait_package.Implicit_Wait" name="launch_app" time="2.006"/>
  <testcase classname="impliwait_package.Implicit_Wait" name="enter_username" time="0.052"/>
  <testcase classname="impliwait_package.Implicit_Wait" name="enter_password" time="0.04"/>
  <testcase classname="impliwait_package.Implicit_Wait" name="click_login" time="11.022"/>
</testsuite> <!-- TestingOnChrome -->
