<?xml version="1.0" encoding="UTF-8"?>
<!-- Generated by org.testng.reporters.JUnitXMLReporter -->
<testsuite ignored="0" hostname="IQZNGLLT012" failures="0" tests="4" name="Default test" time="21.545" errors="0" timestamp="2021-11-26T16:19:33 IST">
  <testcase classname="impliwait_package.Implicit_Wait" name="launch_app" time="2.169"/>
  <testcase classname="impliwait_package.Implicit_Wait" name="enter_username" time="0.07"/>
  <testcase classname="impliwait_package.Implicit_Wait" name="enter_password" time="0.057"/>
  <testcase classname="impliwait_package.Implicit_Wait" name="click_login" time="14.024"/>
</testsuite> <!-- Default test -->
