<?xml version="1.0" encoding="UTF-8"?>
<!-- Generated by org.testng.reporters.JUnitXMLReporter -->
<testsuite ignored="0" hostname="IQZNGLLT012" failures="0" tests="4" name="Default test" time="12.962" errors="0" timestamp="2021-11-25T13:33:42 IST">
  <testcase classname="impliwait_package.Implicit_Wait" name="launch_app" time="2.677"/>
  <testcase classname="impliwait_package.Implicit_Wait" name="enter_username" time="0.053"/>
  <testcase classname="impliwait_package.Implicit_Wait" name="enter_password" time="0.042"/>
  <testcase classname="impliwait_package.Implicit_Wait" name="click_login" time="5.251"/>
</testsuite> <!-- Default test -->
