<?xml version="1.0" encoding="UTF-8"?>
<testng-results ignored="0" total="15" passed="15" failed="0" skipped="0">
  <reporter-output>
  </reporter-output>
  <suite started-at="2021-11-23T17:52:06 IST" name="Suite1" finished-at="2021-11-23T17:54:50 IST" duration-ms="163544">
    <groups>
    </groups>
    <test started-at="2021-11-23T17:52:06 IST" name="TestingOnChrome" finished-at="2021-11-23T17:53:04 IST" duration-ms="57869">
      <class name="loginthrice_package.Loginthrice">
        <test-method is-config="true" signature="setup(java.lang.String)[pri:0, instance:loginthrice_package.Loginthrice@550dbc7a]" started-at="2021-11-23T17:52:06 IST" name="setup" finished-at="2021-11-23T17:52:08 IST" duration-ms="2239" status="PASS">
          <params>
            <param index="0">
              <value>
                <![CDATA[one]]>
              </value>
            </param>
          </params>
          <reporter-output>
          </reporter-output>
        </test-method> <!-- setup -->
        <test-method signature="launch_app()[pri:0, instance:loginthrice_package.Loginthrice@550dbc7a]" started-at="2021-11-23T17:52:08 IST" name="launch_app" finished-at="2021-11-23T17:52:12 IST" duration-ms="3205" status="PASS">
          <reporter-output>
          </reporter-output>
        </test-method> <!-- launch_app -->
        <test-method signature="enter_username()[pri:0, instance:loginthrice_package.Loginthrice@550dbc7a]" started-at="2021-11-23T17:52:12 IST" name="enter_username" finished-at="2021-11-23T17:52:17 IST" depends-on-methods="loginthrice_package.Loginthrice.launch_app" duration-ms="5085" status="PASS">
          <reporter-output>
          </reporter-output>
        </test-method> <!-- enter_username -->
        <test-method signature="enter_password()[pri:0, instance:loginthrice_package.Loginthrice@550dbc7a]" started-at="2021-11-23T17:52:17 IST" name="enter_password" finished-at="2021-11-23T17:52:20 IST" depends-on-methods="loginthrice_package.Loginthrice.enter_username" duration-ms="3089" status="PASS">
          <reporter-output>
          </reporter-output>
        </test-method> <!-- enter_password -->
        <test-method signature="click_login()[pri:0, instance:loginthrice_package.Loginthrice@550dbc7a]" started-at="2021-11-23T17:52:20 IST" name="click_login" finished-at="2021-11-23T17:53:04 IST" depends-on-methods="loginthrice_package.Loginthrice.enter_password" duration-ms="44068" status="PASS">
          <reporter-output>
          </reporter-output>
        </test-method> <!-- click_login -->
        <test-method signature="get_title()[pri:0, instance:loginthrice_package.Loginthrice@550dbc7a]" started-at="2021-11-23T17:53:04 IST" name="get_title" finished-at="2021-11-23T17:53:04 IST" depends-on-methods="loginthrice_package.Loginthrice.enter_password" duration-ms="13" status="PASS">
          <reporter-output>
          </reporter-output>
        </test-method> <!-- get_title -->
        <test-method is-config="true" signature="finish()[pri:0, instance:loginthrice_package.Loginthrice@550dbc7a]" started-at="2021-11-23T17:53:04 IST" name="finish" finished-at="2021-11-23T17:53:04 IST" duration-ms="119" status="PASS">
          <reporter-output>
          </reporter-output>
        </test-method> <!-- finish -->
      </class> <!-- loginthrice_package.Loginthrice -->
    </test> <!-- TestingOnChrome -->
    <test started-at="2021-11-23T17:53:04 IST" name="Logintwice" finished-at="2021-11-23T17:54:21 IST" duration-ms="76795">
      <class name="loginthrice_package.Loginthrice">
        <test-method is-config="true" signature="setup(java.lang.String)[pri:0, instance:loginthrice_package.Loginthrice@e350b40]" started-at="2021-11-23T17:53:04 IST" name="setup" finished-at="2021-11-23T17:53:05 IST" duration-ms="1332" status="PASS">
          <params>
            <param index="0">
              <value>
                <![CDATA[two]]>
              </value>
            </param>
          </params>
          <reporter-output>
          </reporter-output>
        </test-method> <!-- setup -->
        <test-method signature="launch_app()[pri:0, instance:loginthrice_package.Loginthrice@e350b40]" started-at="2021-11-23T17:53:05 IST" name="launch_app" finished-at="2021-11-23T17:53:08 IST" duration-ms="2999" status="PASS">
          <reporter-output>
          </reporter-output>
        </test-method> <!-- launch_app -->
        <test-method signature="enter_username()[pri:0, instance:loginthrice_package.Loginthrice@e350b40]" started-at="2021-11-23T17:53:08 IST" name="enter_username" finished-at="2021-11-23T17:53:14 IST" depends-on-methods="loginthrice_package.Loginthrice.launch_app" duration-ms="5086" status="PASS">
          <reporter-output>
          </reporter-output>
        </test-method> <!-- enter_username -->
        <test-method signature="enter_password()[pri:0, instance:loginthrice_package.Loginthrice@e350b40]" started-at="2021-11-23T17:53:14 IST" name="enter_password" finished-at="2021-11-23T17:53:17 IST" depends-on-methods="loginthrice_package.Loginthrice.enter_username" duration-ms="3088" status="PASS">
          <reporter-output>
          </reporter-output>
        </test-method> <!-- enter_password -->
        <test-method signature="click_login()[pri:0, instance:loginthrice_package.Loginthrice@e350b40]" started-at="2021-11-23T17:53:17 IST" name="click_login" finished-at="2021-11-23T17:54:21 IST" depends-on-methods="loginthrice_package.Loginthrice.enter_password" duration-ms="64043" status="PASS">
          <reporter-output>
          </reporter-output>
        </test-method> <!-- click_login -->
        <test-method signature="get_title()[pri:0, instance:loginthrice_package.Loginthrice@e350b40]" started-at="2021-11-23T17:54:21 IST" name="get_title" finished-at="2021-11-23T17:54:21 IST" depends-on-methods="loginthrice_package.Loginthrice.enter_password" duration-ms="13" status="PASS">
          <reporter-output>
          </reporter-output>
        </test-method> <!-- get_title -->
        <test-method is-config="true" signature="finish()[pri:0, instance:loginthrice_package.Loginthrice@e350b40]" started-at="2021-11-23T17:54:21 IST" name="finish" finished-at="2021-11-23T17:54:21 IST" duration-ms="225" status="PASS">
          <reporter-output>
          </reporter-output>
        </test-method> <!-- finish -->
      </class> <!-- loginthrice_package.Loginthrice -->
    </test> <!-- Logintwice -->
    <test started-at="2021-11-23T17:54:21 IST" name="Loginthird" finished-at="2021-11-23T17:54:50 IST" duration-ms="28785">
      <class name="loginthrice_package.Loginthrice">
        <test-method is-config="true" signature="setup(java.lang.String)[pri:0, instance:loginthrice_package.Loginthrice@6c1a5b54]" started-at="2021-11-23T17:54:21 IST" name="setup" finished-at="2021-11-23T17:54:22 IST" duration-ms="1411" status="PASS">
          <params>
            <param index="0">
              <value>
                <![CDATA[three]]>
              </value>
            </param>
          </params>
          <reporter-output>
          </reporter-output>
        </test-method> <!-- setup -->
        <test-method signature="launch_app()[pri:0, instance:loginthrice_package.Loginthrice@6c1a5b54]" started-at="2021-11-23T17:54:22 IST" name="launch_app" finished-at="2021-11-23T17:54:25 IST" duration-ms="2808" status="PASS">
          <reporter-output>
          </reporter-output>
        </test-method> <!-- launch_app -->
        <test-method signature="enter_username()[pri:0, instance:loginthrice_package.Loginthrice@6c1a5b54]" started-at="2021-11-23T17:54:25 IST" name="enter_username" finished-at="2021-11-23T17:54:30 IST" depends-on-methods="loginthrice_package.Loginthrice.launch_app" duration-ms="5082" status="PASS">
          <reporter-output>
          </reporter-output>
        </test-method> <!-- enter_username -->
        <test-method signature="enter_password()[pri:0, instance:loginthrice_package.Loginthrice@6c1a5b54]" started-at="2021-11-23T17:54:30 IST" name="enter_password" finished-at="2021-11-23T17:54:33 IST" depends-on-methods="loginthrice_package.Loginthrice.enter_username" duration-ms="3075" status="PASS">
          <reporter-output>
          </reporter-output>
        </test-method> <!-- enter_password -->
        <test-method signature="click_login()[pri:0, instance:loginthrice_package.Loginthrice@6c1a5b54]" started-at="2021-11-23T17:54:33 IST" name="click_login" finished-at="2021-11-23T17:54:50 IST" depends-on-methods="loginthrice_package.Loginthrice.enter_password" duration-ms="16261" status="PASS">
          <reporter-output>
          </reporter-output>
        </test-method> <!-- click_login -->
        <test-method signature="get_title()[pri:0, instance:loginthrice_package.Loginthrice@6c1a5b54]" started-at="2021-11-23T17:54:50 IST" name="get_title" finished-at="2021-11-23T17:54:50 IST" depends-on-methods="loginthrice_package.Loginthrice.enter_password" duration-ms="19" status="PASS">
          <reporter-output>
          </reporter-output>
        </test-method> <!-- get_title -->
        <test-method is-config="true" signature="finish()[pri:0, instance:loginthrice_package.Loginthrice@6c1a5b54]" started-at="2021-11-23T17:54:50 IST" name="finish" finished-at="2021-11-23T17:54:50 IST" duration-ms="120" status="PASS">
          <reporter-output>
          </reporter-output>
        </test-method> <!-- finish -->
      </class> <!-- loginthrice_package.Loginthrice -->
    </test> <!-- Loginthird -->
  </suite> <!-- Suite1 -->
</testng-results>
