<?xml version="1.0" encoding="UTF-8"?>
<!-- Generated by org.testng.reporters.JUnitXMLReporter -->
<testsuite ignored="0" hostname="IQZNGLLT012" failures="0" tests="4" name="Default test" time="5.032" errors="0" timestamp="2021-11-26T13:39:16 IST">
  <testcase classname="wait_package.Explicit_Wait" name="launch_app" time="2.264"/>
  <testcase classname="wait_package.Explicit_Wait" name="click_facebook" time="0.123"/>
  <testcase classname="wait_package.Explicit_Wait" name="click_twitter" time="0.11"/>
  <testcase classname="wait_package.Explicit_Wait" name="click_youtubeicon" time="0.199"/>
</testsuite> <!-- Default test -->
