<?xml version="1.0" encoding="UTF-8"?>
<!-- Generated by org.testng.reporters.JUnitXMLReporter -->
<testsuite ignored="0" hostname="IQZNGLLT012" failures="0" tests="5" name="Logintwice" time="37.072" errors="0" timestamp="2021-11-22T21:19:44 IST">
  <testcase classname="test_package.Loginpage" name="launch_app" time="2.91"/>
  <testcase classname="test_package.Loginpage" name="enter_username" time="5.124"/>
  <testcase classname="test_package.Loginpage" name="enter_password" time="3.105"/>
  <testcase classname="test_package.Loginpage" name="click_login" time="20.966"/>
  <testcase classname="test_package.Loginpage" name="get_title" time="1.023"/>
</testsuite> <!-- Logintwice -->
