<?xml version="1.0" encoding="UTF-8"?>
<!-- Generated by org.testng.reporters.JUnitXMLReporter -->
<testsuite ignored="0" hostname="IQZNGLLT012" failures="0" tests="5" name="TestingOnChrome" time="38.258" errors="0" timestamp="2021-11-22T21:19:46 IST">
  <testcase classname="test_package.Loginpage" name="launch_app" time="3.205"/>
  <testcase classname="test_package.Loginpage" name="enter_username" time="5.113"/>
  <testcase classname="test_package.Loginpage" name="enter_password" time="3.094"/>
  <testcase classname="test_package.Loginpage" name="click_login" time="22.005"/>
  <testcase classname="test_package.Loginpage" name="get_title" time="1.027"/>
</testsuite> <!-- TestingOnChrome -->
