<?xml version="1.0" encoding="UTF-8"?>
<!-- Generated by org.testng.reporters.JUnitXMLReporter -->
<testsuite ignored="0" hostname="IQZNGLLT012" failures="0" tests="5" name="Login with valid credential" time="34.264" errors="0" timestamp="2021-11-23T19:51:41 IST">
  <testcase classname="logintwice_package.Valid_Login" name="launch_app" time="3.381"/>
  <testcase classname="logintwice_package.Valid_Login" name="enter_username" time="5.084"/>
  <testcase classname="logintwice_package.Valid_Login" name="enter_password" time="3.088"/>
  <testcase classname="logintwice_package.Valid_Login" name="click_login" time="20.053"/>
  <testcase classname="logintwice_package.Valid_Login" name="get_title" time="0.016"/>
</testsuite> <!-- Login with valid credential -->
