<?xml version="1.0" encoding="UTF-8"?>
<!-- Generated by org.testng.reporters.JUnitXMLReporter -->
<testsuite ignored="0" hostname="IQZNGLLT012" failures="0" tests="5" name="TestingOnChrome" time="28.489" errors="0" timestamp="2021-11-23T16:35:17 IST">
  <testcase classname="logintwice_package.Logintwice" name="launch_app" time="3.181"/>
  <testcase classname="logintwice_package.Logintwice" name="enter_username" time="5.083"/>
  <testcase classname="logintwice_package.Logintwice" name="enter_password" time="3.097"/>
  <testcase classname="logintwice_package.Logintwice" name="click_login" time="14.543"/>
  <testcase classname="logintwice_package.Logintwice" name="get_title" time="0.015"/>
</testsuite> <!-- TestingOnChrome -->
