<?xml version="1.0" encoding="UTF-8"?>
<!-- Generated by org.testng.reporters.JUnitXMLReporter -->
<testsuite ignored="0" hostname="IQZNGLLT012" failures="0" tests="4" name="Test2" time="14.826" errors="0" timestamp="2021-11-23T19:51:55 IST">
  <testcase classname="logintwice_package.Invalid_Login" name="launch_app" time="3.019"/>
  <testcase classname="logintwice_package.Invalid_Login" name="enter_username" time="5.086"/>
  <testcase classname="logintwice_package.Invalid_Login" name="enter_password" time="3.091"/>
  <testcase classname="logintwice_package.Invalid_Login" name="click_login" time="1.801"/>
</testsuite> <!-- Test2 -->
