<?xml version="1.0" encoding="UTF-8"?>
<!-- Generated by org.testng.reporters.JUnitXMLReporter -->
<testsuite ignored="0" hostname="IQZNGLLT012" failures="0" tests="5" name="Loginthird" time="28.785" errors="0" timestamp="2021-11-23T17:54:50 IST">
  <testcase classname="loginthrice_package.Loginthrice" name="launch_app" time="2.808"/>
  <testcase classname="loginthrice_package.Loginthrice" name="enter_username" time="5.082"/>
  <testcase classname="loginthrice_package.Loginthrice" name="enter_password" time="3.075"/>
  <testcase classname="loginthrice_package.Loginthrice" name="click_login" time="16.261"/>
  <testcase classname="loginthrice_package.Loginthrice" name="get_title" time="0.019"/>
</testsuite> <!-- Loginthird -->
