<?xml version="1.0" encoding="UTF-8"?>
<!-- Generated by org.testng.reporters.JUnitXMLReporter -->
<testsuite ignored="0" hostname="IQZNGLLT012" failures="0" tests="5" name="Logintwice" time="76.795" errors="0" timestamp="2021-11-23T17:54:21 IST">
  <testcase classname="loginthrice_package.Loginthrice" name="launch_app" time="2.999"/>
  <testcase classname="loginthrice_package.Loginthrice" name="enter_username" time="5.086"/>
  <testcase classname="loginthrice_package.Loginthrice" name="enter_password" time="3.088"/>
  <testcase classname="loginthrice_package.Loginthrice" name="click_login" time="64.043"/>
  <testcase classname="loginthrice_package.Loginthrice" name="get_title" time="0.013"/>
</testsuite> <!-- Logintwice -->
