<?xml version="1.0" encoding="UTF-8"?>
<!-- Generated by org.testng.reporters.JUnitXMLReporter -->
<testsuite ignored="0" hostname="IQZNGLLT012" failures="0" tests="5" name="Loginthrice" time="29.032" errors="0" timestamp="2021-11-22T22:27:18 IST">
  <testcase classname="loginthrice_package.Loginthrice" name="launch_app" time="3.099"/>
  <testcase classname="loginthrice_package.Loginthrice" name="enter_username" time="5.06"/>
  <testcase classname="loginthrice_package.Loginthrice" name="enter_password" time="3.079"/>
  <testcase classname="loginthrice_package.Loginthrice" name="click_login" time="16.211"/>
  <testcase classname="loginthrice_package.Loginthrice" name="get_title" time="0.013"/>
</testsuite> <!-- Loginthrice -->
