<?xml version="1.0" encoding="UTF-8"?>
<!-- Generated by org.testng.reporters.JUnitXMLReporter -->
<testsuite ignored="0" hostname="IQZNGLLT012" failures="0" tests="5" name="TestingOnChrome" time="57.869" errors="0" timestamp="2021-11-23T17:53:04 IST">
  <testcase classname="loginthrice_package.Loginthrice" name="launch_app" time="3.205"/>
  <testcase classname="loginthrice_package.Loginthrice" name="enter_username" time="5.085"/>
  <testcase classname="loginthrice_package.Loginthrice" name="enter_password" time="3.089"/>
  <testcase classname="loginthrice_package.Loginthrice" name="click_login" time="44.068"/>
  <testcase classname="loginthrice_package.Loginthrice" name="get_title" time="0.013"/>
</testsuite> <!-- TestingOnChrome -->
