<?xml version="1.0" encoding="UTF-8"?>
<!-- Generated by org.testng.reporters.JUnitXMLReporter -->
<testsuite ignored="0" hostname="IQZNGLLT012" failures="0" tests="5" name="TestingOnChrome" time="22.591" errors="0" timestamp="2021-11-26T14:14:34 IST">
  <testcase classname="wait_package.Explicit_Wait" name="launch_app" time="1.744"/>
  <testcase classname="wait_package.Explicit_Wait" name="enter_username" time="0.146"/>
  <testcase classname="wait_package.Explicit_Wait" name="enter_password" time="0.131"/>
  <testcase classname="wait_package.Explicit_Wait" name="click_login" time="13.679"/>
  <testcase classname="wait_package.Explicit_Wait" name="get_title" time="0.274"/>
</testsuite> <!-- TestingOnChrome -->
