<?xml version="1.0" encoding="UTF-8"?>
<!-- Generated by org.testng.reporters.JUnitXMLReporter -->
<testsuite ignored="0" hostname="IQZNGLLT012" failures="0" tests="4" name="TestingOnChrome" time="5.968" errors="0" timestamp="2021-11-26T14:06:36 IST">
  <testcase classname="wait_package.Media_icon" name="launch_app" time="2.754"/>
  <testcase classname="wait_package.Media_icon" name="click_facebook" time="0.154"/>
  <testcase classname="wait_package.Media_icon" name="click_twitter" time="0.133"/>
  <testcase classname="wait_package.Media_icon" name="click_youtubeicon" time="0.32"/>
</testsuite> <!-- TestingOnChrome -->
