<?xml version="1.0" encoding="UTF-8"?>
<!-- Generated by org.testng.reporters.JUnitXMLReporter -->
<testsuite ignored="0" hostname="IQZNGLLT012" failures="0" tests="5" name="Default test" time="21.584" errors="0" timestamp="2021-11-25T14:23:36 IST">
  <testcase classname="wait_package.Explicit_Wait" name="launch_app" time="2.077"/>
  <testcase classname="wait_package.Explicit_Wait" name="enter_username" time="0.145"/>
  <testcase classname="wait_package.Explicit_Wait" name="enter_password" time="0.143"/>
  <testcase classname="wait_package.Explicit_Wait" name="click_login" time="16.451"/>
  <testcase classname="wait_package.Explicit_Wait" name="get_title" time="0.019"/>
</testsuite> <!-- Default test -->
