<?xml version="1.0" encoding="UTF-8"?>
<!-- Generated by org.testng.reporters.JUnitXMLReporter -->
<testsuite ignored="0" hostname="IQZNGLLT012" failures="0" tests="5" name="Default test" time="16.49" errors="0" timestamp="2021-11-26T16:23:57 IST">
  <testcase classname="wait_package.Explicit_Wait" name="launch_app" time="1.752"/>
  <testcase classname="wait_package.Explicit_Wait" name="enter_username" time="0.135"/>
  <testcase classname="wait_package.Explicit_Wait" name="enter_password" time="0.128"/>
  <testcase classname="wait_package.Explicit_Wait" name="click_login" time="11.89"/>
  <testcase classname="wait_package.Explicit_Wait" name="get_title" time="0.018"/>
</testsuite> <!-- Default test -->
