<?xml version="1.0" encoding="UTF-8"?>
<testng-results ignored="0" total="4" passed="4" failed="0" skipped="0">
  <reporter-output>
  </reporter-output>
  <suite started-at="2021-11-26T14:14:50 IST" name="Suite1" finished-at="2021-11-26T14:15:04 IST" duration-ms="13954">
    <groups>
    </groups>
    <test started-at="2021-11-26T14:14:50 IST" name="TestingOnChrome" finished-at="2021-11-26T14:15:04 IST" duration-ms="13954">
      <class name="impliwait_package.Implicit_Wait">
        <test-method is-config="true" signature="setup()[pri:0, instance:impliwait_package.Implicit_Wait@1de5f259]" started-at="2021-11-26T14:14:50 IST" name="setup" finished-at="2021-11-26T14:14:54 IST" duration-ms="4158" status="PASS">
          <reporter-output>
          </reporter-output>
        </test-method> <!-- setup -->
        <test-method signature="launch_app()[pri:0, instance:impliwait_package.Implicit_Wait@1de5f259]" started-at="2021-11-26T14:14:54 IST" name="launch_app" finished-at="2021-11-26T14:14:58 IST" duration-ms="3580" status="PASS">
          <reporter-output>
          </reporter-output>
        </test-method> <!-- launch_app -->
        <test-method signature="enter_username()[pri:0, instance:impliwait_package.Implicit_Wait@1de5f259]" started-at="2021-11-26T14:14:58 IST" name="enter_username" finished-at="2021-11-26T14:14:58 IST" depends-on-methods="impliwait_package.Implicit_Wait.launch_app" duration-ms="62" status="PASS">
          <reporter-output>
          </reporter-output>
        </test-method> <!-- enter_username -->
        <test-method signature="enter_password()[pri:0, instance:impliwait_package.Implicit_Wait@1de5f259]" started-at="2021-11-26T14:14:58 IST" name="enter_password" finished-at="2021-11-26T14:14:58 IST" depends-on-methods="impliwait_package.Implicit_Wait.enter_username" duration-ms="44" status="PASS">
          <reporter-output>
          </reporter-output>
        </test-method> <!-- enter_password -->
        <test-method signature="click_login()[pri:0, instance:impliwait_package.Implicit_Wait@1de5f259]" started-at="2021-11-26T14:14:58 IST" name="click_login" finished-at="2021-11-26T14:15:03 IST" depends-on-methods="impliwait_package.Implicit_Wait.enter_password" duration-ms="5258" status="PASS">
          <reporter-output>
          </reporter-output>
        </test-method> <!-- click_login -->
        <test-method is-config="true" signature="finish()[pri:0, instance:impliwait_package.Implicit_Wait@1de5f259]" started-at="2021-11-26T14:15:03 IST" name="finish" finished-at="2021-11-26T14:15:04 IST" duration-ms="817" status="PASS">
          <reporter-output>
          </reporter-output>
        </test-method> <!-- finish -->
      </class> <!-- impliwait_package.Implicit_Wait -->
    </test> <!-- TestingOnChrome -->
  </suite> <!-- Suite1 -->
</testng-results>
