<?xml version="1.0" encoding="UTF-8"?>
<testng-results ignored="0" total="4" passed="4" failed="0" skipped="0">
  <reporter-output>
  </reporter-output>
  <suite started-at="2021-11-21T19:28:53 IST" name="Suite1" finished-at="2021-11-21T19:29:22 IST" duration-ms="28613">
    <groups>
    </groups>
    <test started-at="2021-11-21T19:28:53 IST" name="TestingOnChrome" finished-at="2021-11-21T19:29:21 IST" duration-ms="28111">
      <class name="test_package.First_program">
        <test-method is-config="true" signature="setup(java.lang.String)[pri:0, instance:test_package.First_program@957e06]" started-at="2021-11-21T19:28:53 IST" name="setup" finished-at="2021-11-21T19:28:56 IST" duration-ms="2736" status="PASS">
          <params>
            <param index="0">
              <value>
                <![CDATA[Chrome]]>
              </value>
            </param>
          </params>
          <reporter-output>
          </reporter-output>
        </test-method> <!-- setup -->
        <test-method signature="test1()[pri:0, instance:test_package.First_program@957e06]" started-at="2021-11-21T19:28:56 IST" name="test1" finished-at="2021-11-21T19:29:08 IST" duration-ms="12208" status="PASS">
          <reporter-output>
          </reporter-output>
        </test-method> <!-- test1 -->
        <test-method signature="test2()[pri:0, instance:test_package.First_program@957e06]" started-at="2021-11-21T19:29:08 IST" name="test2" finished-at="2021-11-21T19:29:21 IST" duration-ms="12356" status="PASS">
          <reporter-output>
          </reporter-output>
        </test-method> <!-- test2 -->
        <test-method is-config="true" signature="finish()[pri:0, instance:test_package.First_program@957e06]" started-at="2021-11-21T19:29:21 IST" name="finish" finished-at="2021-11-21T19:29:21 IST" duration-ms="769" status="PASS">
          <reporter-output>
          </reporter-output>
        </test-method> <!-- finish -->
      </class> <!-- test_package.First_program -->
    </test> <!-- TestingOnChrome -->
    <test started-at="2021-11-21T19:28:53 IST" name="TestingOnEdge" finished-at="2021-11-21T19:29:22 IST" duration-ms="28613">
      <class name="test_package.First_program">
        <test-method is-config="true" signature="setup(java.lang.String)[pri:0, instance:test_package.First_program@4a883b15]" started-at="2021-11-21T19:28:53 IST" name="setup" finished-at="2021-11-21T19:28:56 IST" duration-ms="2736" status="PASS">
          <params>
            <param index="0">
              <value>
                <![CDATA[edge]]>
              </value>
            </param>
          </params>
          <reporter-output>
          </reporter-output>
        </test-method> <!-- setup -->
        <test-method signature="test1()[pri:0, instance:test_package.First_program@4a883b15]" started-at="2021-11-21T19:28:56 IST" name="test1" finished-at="2021-11-21T19:29:09 IST" duration-ms="12546" status="PASS">
          <reporter-output>
          </reporter-output>
        </test-method> <!-- test1 -->
        <test-method signature="test2()[pri:0, instance:test_package.First_program@4a883b15]" started-at="2021-11-21T19:29:09 IST" name="test2" finished-at="2021-11-21T19:29:21 IST" duration-ms="12191" status="PASS">
          <reporter-output>
          </reporter-output>
        </test-method> <!-- test2 -->
        <test-method is-config="true" signature="finish()[pri:0, instance:test_package.First_program@4a883b15]" started-at="2021-11-21T19:29:21 IST" name="finish" finished-at="2021-11-21T19:29:22 IST" duration-ms="1103" status="PASS">
          <reporter-output>
          </reporter-output>
        </test-method> <!-- finish -->
      </class> <!-- test_package.First_program -->
    </test> <!-- TestingOnEdge -->
  </suite> <!-- Suite1 -->
</testng-results>
