<?xml version="1.0" encoding="UTF-8"?>
<!-- Generated by org.testng.reporters.JUnitXMLReporter -->
<testsuite ignored="0" hostname="IQZNGLLT012" failures="0" tests="5" name="Default test" time="29.641" errors="0" timestamp="2021-11-23T16:19:37 IST">
  <testcase classname="test_package.Loginpage" name="launch_app" time="3.411"/>
  <testcase classname="test_package.Loginpage" name="enter_username" time="5.087"/>
  <testcase classname="test_package.Loginpage" name="enter_password" time="3.091"/>
  <testcase classname="test_package.Loginpage" name="click_login" time="15.601"/>
  <testcase classname="test_package.Loginpage" name="get_title" time="0.012"/>
</testsuite> <!-- Default test -->
