<?xml version="1.0" encoding="UTF-8"?>
<testng-results ignored="0" total="9" passed="9" failed="0" skipped="0">
  <reporter-output>
  </reporter-output>
  <suite started-at="2021-11-23T19:51:06 IST" name="Suite1" finished-at="2021-11-23T19:51:55 IST" duration-ms="49145">
    <groups>
    </groups>
    <test started-at="2021-11-23T19:51:06 IST" name="Login with valid credential" finished-at="2021-11-23T19:51:40 IST" duration-ms="34264">
      <class name="logintwice_package.Valid_Login">
        <test-method is-config="true" signature="setup()[pri:0, instance:logintwice_package.Valid_Login@729d991e]" started-at="2021-11-23T19:51:06 IST" name="setup" finished-at="2021-11-23T19:51:09 IST" duration-ms="2462" status="PASS">
          <reporter-output>
          </reporter-output>
        </test-method> <!-- setup -->
        <test-method signature="launch_app()[pri:0, instance:logintwice_package.Valid_Login@729d991e]" started-at="2021-11-23T19:51:09 IST" name="launch_app" finished-at="2021-11-23T19:51:12 IST" duration-ms="3381" status="PASS">
          <reporter-output>
          </reporter-output>
        </test-method> <!-- launch_app -->
        <test-method signature="enter_username()[pri:0, instance:logintwice_package.Valid_Login@729d991e]" started-at="2021-11-23T19:51:12 IST" name="enter_username" finished-at="2021-11-23T19:51:17 IST" depends-on-methods="logintwice_package.Valid_Login.launch_app" duration-ms="5084" status="PASS">
          <reporter-output>
          </reporter-output>
        </test-method> <!-- enter_username -->
        <test-method signature="enter_password()[pri:0, instance:logintwice_package.Valid_Login@729d991e]" started-at="2021-11-23T19:51:17 IST" name="enter_password" finished-at="2021-11-23T19:51:20 IST" depends-on-methods="logintwice_package.Valid_Login.enter_username" duration-ms="3088" status="PASS">
          <reporter-output>
          </reporter-output>
        </test-method> <!-- enter_password -->
        <test-method signature="click_login()[pri:0, instance:logintwice_package.Valid_Login@729d991e]" started-at="2021-11-23T19:51:20 IST" name="click_login" finished-at="2021-11-23T19:51:40 IST" depends-on-methods="logintwice_package.Valid_Login.enter_password" duration-ms="20053" status="PASS">
          <reporter-output>
          </reporter-output>
        </test-method> <!-- click_login -->
        <test-method signature="get_title()[pri:0, instance:logintwice_package.Valid_Login@729d991e]" started-at="2021-11-23T19:51:40 IST" name="get_title" finished-at="2021-11-23T19:51:40 IST" depends-on-methods="logintwice_package.Valid_Login.enter_password" duration-ms="16" status="PASS">
          <reporter-output>
          </reporter-output>
        </test-method> <!-- get_title -->
        <test-method is-config="true" signature="finish()[pri:0, instance:logintwice_package.Valid_Login@729d991e]" started-at="2021-11-23T19:51:40 IST" name="finish" finished-at="2021-11-23T19:51:40 IST" duration-ms="132" status="PASS">
          <reporter-output>
          </reporter-output>
        </test-method> <!-- finish -->
      </class> <!-- logintwice_package.Valid_Login -->
    </test> <!-- Login with valid credential -->
    <test started-at="2021-11-23T19:51:41 IST" name="Test2" finished-at="2021-11-23T19:51:55 IST" duration-ms="14826">
      <class name="logintwice_package.Invalid_Login">
        <test-method is-config="true" signature="setup()[pri:0, instance:logintwice_package.Invalid_Login@1e0b4072]" started-at="2021-11-23T19:51:41 IST" name="setup" finished-at="2021-11-23T19:51:42 IST" duration-ms="1634" status="PASS">
          <reporter-output>
          </reporter-output>
        </test-method> <!-- setup -->
        <test-method signature="launch_app()[pri:0, instance:logintwice_package.Invalid_Login@1e0b4072]" started-at="2021-11-23T19:51:42 IST" name="launch_app" finished-at="2021-11-23T19:51:45 IST" duration-ms="3019" status="PASS">
          <reporter-output>
          </reporter-output>
        </test-method> <!-- launch_app -->
        <test-method signature="enter_username()[pri:0, instance:logintwice_package.Invalid_Login@1e0b4072]" started-at="2021-11-23T19:51:45 IST" name="enter_username" finished-at="2021-11-23T19:51:50 IST" depends-on-methods="logintwice_package.Invalid_Login.launch_app" duration-ms="5086" status="PASS">
          <reporter-output>
          </reporter-output>
        </test-method> <!-- enter_username -->
        <test-method signature="enter_password()[pri:0, instance:logintwice_package.Invalid_Login@1e0b4072]" started-at="2021-11-23T19:51:50 IST" name="enter_password" finished-at="2021-11-23T19:51:53 IST" depends-on-methods="logintwice_package.Invalid_Login.enter_username" duration-ms="3091" status="PASS">
          <reporter-output>
          </reporter-output>
        </test-method> <!-- enter_password -->
        <test-method signature="click_login()[pri:0, instance:logintwice_package.Invalid_Login@1e0b4072]" started-at="2021-11-23T19:51:53 IST" name="click_login" finished-at="2021-11-23T19:51:55 IST" depends-on-methods="logintwice_package.Invalid_Login.enter_password" duration-ms="1801" status="PASS">
          <reporter-output>
          </reporter-output>
        </test-method> <!-- click_login -->
        <test-method is-config="true" signature="finish()[pri:0, instance:logintwice_package.Invalid_Login@1e0b4072]" started-at="2021-11-23T19:51:55 IST" name="finish" finished-at="2021-11-23T19:51:55 IST" duration-ms="188" status="PASS">
          <reporter-output>
          </reporter-output>
        </test-method> <!-- finish -->
      </class> <!-- logintwice_package.Invalid_Login -->
    </test> <!-- Test2 -->
  </suite> <!-- Suite1 -->
</testng-results>
