<?xml version="1.0" encoding="UTF-8"?>
<testng-results ignored="0" total="8" passed="8" failed="0" skipped="0">
  <reporter-output>
  </reporter-output>
  <suite started-at="2021-11-26T14:06:30 IST" name="Suite1" finished-at="2021-11-26T14:06:39 IST" duration-ms="8972">
    <groups>
    </groups>
    <test started-at="2021-11-26T14:06:30 IST" name="TestingOnChrome" finished-at="2021-11-26T14:06:36 IST" duration-ms="5968">
      <class name="wait_package.Media_icon">
        <test-method is-config="true" signature="setup(java.lang.String)[pri:0, instance:wait_package.Media_icon@2c1b194a]" started-at="2021-11-26T14:06:30 IST" name="setup" finished-at="2021-11-26T14:06:33 IST" duration-ms="2567" status="PASS">
          <params>
            <param index="0">
              <value>
                <![CDATA[Chrome]]>
              </value>
            </param>
          </params>
          <reporter-output>
          </reporter-output>
        </test-method> <!-- setup -->
        <test-method signature="launch_app()[pri:0, instance:wait_package.Media_icon@2c1b194a]" started-at="2021-11-26T14:06:33 IST" name="launch_app" finished-at="2021-11-26T14:06:36 IST" duration-ms="2754" status="PASS">
          <reporter-output>
          </reporter-output>
        </test-method> <!-- launch_app -->
        <test-method signature="click_facebook()[pri:0, instance:wait_package.Media_icon@2c1b194a]" started-at="2021-11-26T14:06:36 IST" name="click_facebook" finished-at="2021-11-26T14:06:36 IST" depends-on-methods="wait_package.Media_icon.launch_app" duration-ms="154" status="PASS">
          <reporter-output>
          </reporter-output>
        </test-method> <!-- click_facebook -->
        <test-method signature="click_twitter()[pri:0, instance:wait_package.Media_icon@2c1b194a]" started-at="2021-11-26T14:06:36 IST" name="click_twitter" finished-at="2021-11-26T14:06:36 IST" depends-on-methods="wait_package.Media_icon.launch_app" duration-ms="133" status="PASS">
          <reporter-output>
          </reporter-output>
        </test-method> <!-- click_twitter -->
        <test-method signature="click_youtubeicon()[pri:0, instance:wait_package.Media_icon@2c1b194a]" started-at="2021-11-26T14:06:36 IST" name="click_youtubeicon" finished-at="2021-11-26T14:06:36 IST" depends-on-methods="wait_package.Media_icon.launch_app" duration-ms="320" status="PASS">
          <reporter-output>
          </reporter-output>
        </test-method> <!-- click_youtubeicon -->
      </class> <!-- wait_package.Media_icon -->
    </test> <!-- TestingOnChrome -->
    <test started-at="2021-11-26T14:06:30 IST" name="TestingOnFirebox" finished-at="2021-11-26T14:06:39 IST" duration-ms="8972">
      <class name="wait_package.Media_icon">
        <test-method is-config="true" signature="setup(java.lang.String)[pri:0, instance:wait_package.Media_icon@1e0b4072]" started-at="2021-11-26T14:06:30 IST" name="setup" finished-at="2021-11-26T14:06:35 IST" duration-ms="4609" status="PASS">
          <params>
            <param index="0">
              <value>
                <![CDATA[firebox]]>
              </value>
            </param>
          </params>
          <reporter-output>
          </reporter-output>
        </test-method> <!-- setup -->
        <test-method signature="launch_app()[pri:0, instance:wait_package.Media_icon@1e0b4072]" started-at="2021-11-26T14:06:35 IST" name="launch_app" finished-at="2021-11-26T14:06:38 IST" duration-ms="2700" status="PASS">
          <reporter-output>
          </reporter-output>
        </test-method> <!-- launch_app -->
        <test-method signature="click_facebook()[pri:0, instance:wait_package.Media_icon@1e0b4072]" started-at="2021-11-26T14:06:38 IST" name="click_facebook" finished-at="2021-11-26T14:06:38 IST" depends-on-methods="wait_package.Media_icon.launch_app" duration-ms="651" status="PASS">
          <reporter-output>
          </reporter-output>
        </test-method> <!-- click_facebook -->
        <test-method signature="click_twitter()[pri:0, instance:wait_package.Media_icon@1e0b4072]" started-at="2021-11-26T14:06:38 IST" name="click_twitter" finished-at="2021-11-26T14:06:39 IST" depends-on-methods="wait_package.Media_icon.launch_app" duration-ms="236" status="PASS">
          <reporter-output>
          </reporter-output>
        </test-method> <!-- click_twitter -->
        <test-method signature="click_youtubeicon()[pri:0, instance:wait_package.Media_icon@1e0b4072]" started-at="2021-11-26T14:06:39 IST" name="click_youtubeicon" finished-at="2021-11-26T14:06:39 IST" depends-on-methods="wait_package.Media_icon.launch_app" duration-ms="758" status="PASS">
          <reporter-output>
          </reporter-output>
        </test-method> <!-- click_youtubeicon -->
      </class> <!-- wait_package.Media_icon -->
    </test> <!-- TestingOnFirebox -->
  </suite> <!-- Suite1 -->
</testng-results>
